Restoring to: db-62b2c59fa.db002.hosteddb.reai.io:5432/62b2c59fa as role_62b2c59fa
Restoring from: ./backups/backup_20251006_000001.sql
SET
SET
SET
SET
SET
SET
 set_config 
------------
 
(1 row)

SET
SET
SET
SET
ALTER SCHEMA
COMMENT
ALTER TYPE
ALTER TYPE
ALTER TYPE
SET
SET
ALTER TABLE
ALTER TABLE
ALTER TABLE
ALTER TABLE
ALTER TABLE
ALTER TABLE
ALTER TABLE
ALTER TABLE
ALTER TABLE
ALTER TABLE
ALTER TABLE
ALTER TABLE
ALTER TABLE
ALTER TABLE
ALTER TABLE
ALTER TABLE
ALTER TABLE
ALTER TABLE
ALTER TABLE
ALTER TABLE
ALTER TABLE
ALTER TABLE
ALTER TABLE
COPY 0
COPY 3
COPY 1
COPY 11
COPY 0
COPY 0
COPY 0
COPY 0
REVOKE
Restore completed successfully!
